[2026-03-12 15:28:25] INFO: MongoDB connected successfully
[2026-03-12 15:28:25] INFO: Server running on port 5000
[2026-03-12 15:28:25] INFO: Application started — StaffHub Employee Management System
[2026-03-12 15:28:26] INFO: GET /api/employees — IP: ::1
[2026-03-12 15:28:26] INFO: GET /api/employees — IP: ::1
[2026-03-12 15:28:26] INFO: GET /api/employees/stats/overview — IP: ::1
[2026-03-12 15:28:28] INFO: GET /api/employees/stats/overview — IP: ::1
[2026-03-12 15:33:56] INFO: GET / — IP: ::ffff:127.0.0.1
[2026-03-12 15:33:57] INFO: Health check endpoint hit
[2026-03-12 15:33:57] INFO: OPTIONS / — IP: ::ffff:127.0.0.1
[2026-03-12 15:33:57] INFO: OPTIONS / — IP: ::ffff:127.0.0.1
[2026-03-12 15:33:57] INFO: GET /nice%20ports%2C/Tri%6Eity.txt%2ebak — IP: ::ffff:127.0.0.1
[2026-03-12 15:50:44] INFO: GET / — IP: ::ffff:127.0.0.1
[2026-03-12 15:50:44] INFO: Health check endpoint hit
[2026-03-12 15:50:44] INFO: OPTIONS / — IP: ::ffff:127.0.0.1
[2026-03-12 15:50:44] INFO: OPTIONS / — IP: ::ffff:127.0.0.1
[2026-03-12 15:50:44] INFO: GET /nice%20ports%2C/Tri%6Eity.txt%2ebak — IP: ::ffff:127.0.0.1
[2026-03-12 15:52:35] INFO: GET / — IP: ::1
[2026-03-12 15:52:35] INFO: Health check endpoint hit
[2026-03-12 15:52:35] INFO: OPTIONS / — IP: ::1
[2026-03-12 15:52:35] INFO: OPTIONS / — IP: ::1
[2026-03-12 15:52:35] INFO: GET /nice%20ports%2C/Tri%6Eity.txt%2ebak — IP: ::1
[2026-03-12 16:13:43] INFO: MongoDB connected successfully
[2026-03-12 16:13:43] INFO: Server running on port 5000
[2026-03-12 16:13:43] INFO: Application started — StaffHub Employee Management System
[2026-03-12 16:14:43] INFO: GET /api/employees — IP: ::1
[2026-03-12 16:14:43] INFO: GET /api/employees/stats/overview — IP: ::1
[2026-03-12 16:17:36] INFO: GET /api/employees — IP: ::1
[2026-03-12 16:17:37] INFO: GET /api/employees/stats/overview — IP: ::1
[2026-03-12 16:26:58] INFO: GET /api-docs — IP: ::1
[2026-03-12 16:27:19] INFO: GET /api-docs — IP: ::1
[2026-03-12 16:27:39] INFO: GET /api-docs — IP: ::1
[2026-03-12 16:32:28] INFO: GET /api/employees — IP: ::1
[2026-03-12 16:32:28] INFO: GET /api/employees/stats/overview — IP: ::1
[2026-03-15 14:27:46] ERROR: MongoDB connection error: Could not connect to any servers in your MongoDB Atlas cluster. One common reason is that you're trying to access the database from an IP that isn't whitelisted. Make sure your current IP address is on your Atlas cluster's IP whitelist: https://www.mongodb.com/docs/atlas/security-whitelist/
[2026-03-15 14:29:07] INFO: MongoDB connected successfully
[2026-03-15 14:29:07] INFO: Server running on port 5000
[2026-03-15 14:29:07] INFO: Application started — StaffHub Employee Management System
[2026-03-15 14:31:46] INFO: GET /api/employees — IP: ::1
[2026-03-15 14:31:46] INFO: GET /api/employees/stats/overview — IP: ::1
[2026-03-15 14:41:12] INFO: MongoDB connected successfully
[2026-03-15 14:41:12] INFO: Server running on port 5000
[2026-03-15 14:41:12] INFO: Application started — StaffHub Employee Management System
[2026-03-15 14:57:29] INFO: MongoDB connected successfully
[2026-03-15 14:57:29] INFO: Server running on port 5000
[2026-03-15 14:57:29] INFO: Application started — StaffHub Employee Management System
[2026-03-15 14:57:36] INFO: OPTIONS /api/auth/login — IP: ::1
[2026-03-15 14:57:36] INFO: POST /api/auth/login — IP: ::1
[2026-03-15 14:57:36] WARN: FAILED LOGIN ATTEMPT — email not found: wrongemail@test.com — IP: ::1
[2026-03-15 14:58:33] INFO: OPTIONS /api/auth/login — IP: ::1
[2026-03-15 14:58:33] INFO: POST /api/auth/login — IP: ::1
[2026-03-15 14:58:33] WARN: FAILED LOGIN ATTEMPT — email not found: ahmedj@gmail.com — IP: ::1
